<?xml version="1.0" encoding="UTF-8"?>
<!-- Generated by org.testng.reporters.JUnitXMLReporter -->
<testsuite ignored="0" hostname="DESKTOP-28IAU6P" failures="0" tests="4" name="Default test" time="13.746" errors="0" timestamp="2023-04-25T12:21:03 IST">
  <testcase classname="api.tests.UserTests" name="test_Create_User" time="9.826"/>
  <testcase classname="api.tests.UserTests" name="test_Get_user" time="1.195"/>
  <testcase classname="api.tests.UserTests" name="test_update_user" time="1.312"/>
  <testcase classname="api.tests.UserTests" name="test_delete_user" time="1.201"/>
</testsuite> <!-- Default test -->
