<?xml version="1.0" encoding="UTF-8"?>
<testng-results ignored="0" total="4" passed="4" failed="0" skipped="0">
  <reporter-output>
  </reporter-output>
  <suite started-at="2023-04-25T12:20:50 IST" name="Default suite" finished-at="2023-04-25T12:21:03 IST" duration-ms="13746">
    <groups>
    </groups>
    <test started-at="2023-04-25T12:20:50 IST" name="Default test" finished-at="2023-04-25T12:21:03 IST" duration-ms="13746">
      <class name="api.tests.UserTests">
        <test-method is-config="true" signature="CreateUserData()[pri:0, instance:api.tests.UserTests@3c7f66c4]" started-at="2023-04-25T12:20:50 IST" name="CreateUserData" finished-at="2023-04-25T12:20:50 IST" duration-ms="45" status="PASS">
          <reporter-output>
          </reporter-output>
        </test-method> <!-- CreateUserData -->
        <test-method signature="test_Create_User()[pri:1, instance:api.tests.UserTests@3c7f66c4]" started-at="2023-04-25T12:20:50 IST" name="test_Create_User" finished-at="2023-04-25T12:21:00 IST" duration-ms="9826" status="PASS">
          <reporter-output>
          </reporter-output>
        </test-method> <!-- test_Create_User -->
        <test-method signature="test_Get_user()[pri:2, instance:api.tests.UserTests@3c7f66c4]" started-at="2023-04-25T12:21:00 IST" name="test_Get_user" finished-at="2023-04-25T12:21:01 IST" duration-ms="1195" status="PASS">
          <reporter-output>
          </reporter-output>
        </test-method> <!-- test_Get_user -->
        <test-method signature="test_update_user()[pri:3, instance:api.tests.UserTests@3c7f66c4]" started-at="2023-04-25T12:21:01 IST" name="test_update_user" finished-at="2023-04-25T12:21:02 IST" duration-ms="1312" status="PASS">
          <reporter-output>
          </reporter-output>
        </test-method> <!-- test_update_user -->
        <test-method signature="test_delete_user()[pri:4, instance:api.tests.UserTests@3c7f66c4]" started-at="2023-04-25T12:21:02 IST" name="test_delete_user" finished-at="2023-04-25T12:21:03 IST" duration-ms="1201" status="PASS">
          <reporter-output>
          </reporter-output>
        </test-method> <!-- test_delete_user -->
      </class> <!-- api.tests.UserTests -->
    </test> <!-- Default test -->
  </suite> <!-- Default suite -->
</testng-results>
